
2020-11-25T09:15:27.900195+0300 ERROR 
Ошибка по схеме <<cmarker_created.schema>> в файле <<1eba2aa1-2acf-460d-91e6-55a8c3e3b7a3.json>>
<<'cmarkers' is a required property>> --> Свойство отсутвует или расположено не по структуре json.schema.

2020-11-25T09:15:27.900195+0300 ERROR 
Ошибка по схеме <<cmarker_created.schema>> в файле <<1eba2aa1-2acf-460d-91e6-55a8c3e3b7a3.json>>
<<'datetime' is a required property>> --> Свойство отсутвует или расположено не по структуре json.schema.

2020-11-25T09:15:27.901200+0300 ERROR 
Ошибка по схеме <<cmarker_created.schema>> в файле <<1eba2aa1-2acf-460d-91e6-55a8c3e3b7a3.json>>
<<'user_id' is a required property>> --> Свойство отсутвует или расположено не по структуре json.schema.

2020-11-25T09:15:27.912195+0300 ERROR 
Ошибка по схеме <<cmarker_created.schema>> в файле <<297e4dc6-07d1-420d-a5ae-e4aff3aedc19.json>>
<<'cmarkers' is a required property>> --> Свойство отсутвует или расположено не по структуре json.schema.

2020-11-25T09:15:27.913196+0300 ERROR 
Ошибка по схеме <<cmarker_created.schema>> в файле <<297e4dc6-07d1-420d-a5ae-e4aff3aedc19.json>>
<<'datetime' is a required property>> --> Свойство отсутвует или расположено не по структуре json.schema.

2020-11-25T09:15:27.916195+0300 ERROR 
Ошибка по схеме <<cmarker_created.schema>> в файле <<29f0bfa7-bd51-4d45-93be-f6ead1ae0b96.json>>
<<None is not of type 'object'>> --> JSON файл пустой. 

2020-11-25T09:15:27.918195+0300 ERROR 
Ошибка по схеме <<cmarker_created.schema>> в файле <<2e8ffd3c-dbda-42df-9901-b7a30869511a.json>>
<<'cmarkers' is a required property>> --> Свойство отсутвует или расположено не по структуре json.schema.

2020-11-25T09:15:27.919199+0300 ERROR 
Ошибка по схеме <<cmarker_created.schema>> в файле <<2e8ffd3c-dbda-42df-9901-b7a30869511a.json>>
<<'datetime' is a required property>> --> Свойство отсутвует или расположено не по структуре json.schema.

2020-11-25T09:15:27.921197+0300 ERROR 
Ошибка по схеме <<cmarker_created.schema>> в файле <<3ade063d-d1b9-453f-85b4-dda7bfda4711.json>>
<<'cmarkers' is a required property>> --> Свойство отсутвует или расположено не по структуре json.schema.

2020-11-25T09:15:27.922196+0300 ERROR 
Ошибка по схеме <<cmarker_created.schema>> в файле <<3ade063d-d1b9-453f-85b4-dda7bfda4711.json>>
<<'datetime' is a required property>> --> Свойство отсутвует или расположено не по структуре json.schema.

2020-11-25T09:15:27.924197+0300 ERROR 
Ошибка по схеме <<cmarker_created.schema>> в файле <<3b4088ef-7521-4114-ac56-57c68632d431.json>>
<<'cmarkers' is a required property>> --> Свойство отсутвует или расположено не по структуре json.schema.

2020-11-25T09:15:27.924197+0300 ERROR 
Ошибка по схеме <<cmarker_created.schema>> в файле <<3b4088ef-7521-4114-ac56-57c68632d431.json>>
<<'datetime' is a required property>> --> Свойство отсутвует или расположено не по структуре json.schema.

2020-11-25T09:15:27.926196+0300 ERROR 
Ошибка по схеме <<cmarker_created.schema>> в файле <<6b1984e5-4092-4279-9dce-bdaa831c7932.json>>
<<'cmarkers' is a required property>> --> Свойство отсутвует или расположено не по структуре json.schema.

2020-11-25T09:15:27.927196+0300 ERROR 
Ошибка по схеме <<cmarker_created.schema>> в файле <<6b1984e5-4092-4279-9dce-bdaa831c7932.json>>
<<'datetime' is a required property>> --> Свойство отсутвует или расположено не по структуре json.schema.

2020-11-25T09:15:27.929198+0300 ERROR 
Ошибка по схеме <<cmarker_created.schema>> в файле <<a95d845c-8d9e-4e07-8948-275167643a40.json>>
<<'cmarkers' is a required property>> --> Свойство отсутвует или расположено не по структуре json.schema.

2020-11-25T09:15:27.930176+0300 ERROR 
Ошибка по схеме <<cmarker_created.schema>> в файле <<a95d845c-8d9e-4e07-8948-275167643a40.json>>
<<'datetime' is a required property>> --> Свойство отсутвует или расположено не по структуре json.schema.

2020-11-25T09:15:27.931199+0300 ERROR 
Ошибка по схеме <<cmarker_created.schema>> в файле <<a95d845c-8d9e-4e07-8948-275167643a40.json>>
<<'user_id' is a required property>> --> Свойство отсутвует или расположено не по структуре json.schema.

2020-11-25T09:15:27.936175+0300 ERROR 
Ошибка по схеме <<cmarker_created.schema>> в файле <<ba25151c-914f-4f47-909a-7a65a6339f34.json>>
<<'cmarkers' is a required property>> --> Свойство отсутвует или расположено не по структуре json.schema.

2020-11-25T09:15:27.936175+0300 ERROR 
Ошибка по схеме <<cmarker_created.schema>> в файле <<ba25151c-914f-4f47-909a-7a65a6339f34.json>>
<<'datetime' is a required property>> --> Свойство отсутвует или расположено не по структуре json.schema.

2020-11-25T09:15:27.945175+0300 ERROR 
Ошибка по схеме <<cmarker_created.schema>> в файле <<bb998113-bc02-4cd1-9410-d9ae94f53eb0.json>>
<<'cmarkers' is a required property>> --> Свойство отсутвует или расположено не по структуре json.schema.

2020-11-25T09:15:27.946176+0300 ERROR 
Ошибка по схеме <<cmarker_created.schema>> в файле <<bb998113-bc02-4cd1-9410-d9ae94f53eb0.json>>
<<'datetime' is a required property>> --> Свойство отсутвует или расположено не по структуре json.schema.

2020-11-25T09:15:27.948178+0300 ERROR 
Ошибка по схеме <<cmarker_created.schema>> в файле <<c72d21cf-1152-4d8e-b649-e198149d5bbb.json>>
<<'cmarkers' is a required property>> --> Свойство отсутвует или расположено не по структуре json.schema.

2020-11-25T09:15:27.949177+0300 ERROR 
Ошибка по схеме <<cmarker_created.schema>> в файле <<c72d21cf-1152-4d8e-b649-e198149d5bbb.json>>
<<'datetime' is a required property>> --> Свойство отсутвует или расположено не по структуре json.schema.

2020-11-25T09:15:27.951177+0300 ERROR 
Ошибка по схеме <<cmarker_created.schema>> в файле <<cc07e442-7986-4714-8fc2-ac2256690a90.json>>
<<'cmarkers' is a required property>> --> Свойство отсутвует или расположено не по структуре json.schema.

2020-11-25T09:15:27.951177+0300 ERROR 
Ошибка по схеме <<cmarker_created.schema>> в файле <<cc07e442-7986-4714-8fc2-ac2256690a90.json>>
<<'datetime' is a required property>> --> Свойство отсутвует или расположено не по структуре json.schema.

2020-11-25T09:15:27.953176+0300 ERROR 
Ошибка по схеме <<cmarker_created.schema>> в файле <<e2d760c3-7e10-4464-ab22-7fda6b5e2562.json>>
<<'cmarkers' is a required property>> --> Свойство отсутвует или расположено не по структуре json.schema.

2020-11-25T09:15:27.953176+0300 ERROR 
Ошибка по схеме <<cmarker_created.schema>> в файле <<e2d760c3-7e10-4464-ab22-7fda6b5e2562.json>>
<<'datetime' is a required property>> --> Свойство отсутвует или расположено не по структуре json.schema.

2020-11-25T09:15:27.956177+0300 ERROR 
Ошибка по схеме <<cmarker_created.schema>> в файле <<f5656ff6-29e1-46b0-8d8a-ff77f9cc0953.json>>
<<'cmarkers' is a required property>> --> Свойство отсутвует или расположено не по структуре json.schema.

2020-11-25T09:15:27.957177+0300 ERROR 
Ошибка по схеме <<cmarker_created.schema>> в файле <<f5656ff6-29e1-46b0-8d8a-ff77f9cc0953.json>>
<<'datetime' is a required property>> --> Свойство отсутвует или расположено не по структуре json.schema.

2020-11-25T09:15:27.958177+0300 ERROR 
Ошибка по схеме <<cmarker_created.schema>> в файле <<fb1a0854-9535-404d-9bdd-9ec0abb6cd6c.json>>
<<'cmarkers' is a required property>> --> Свойство отсутвует или расположено не по структуре json.schema.

2020-11-25T09:15:27.959177+0300 ERROR 
Ошибка по схеме <<cmarker_created.schema>> в файле <<fb1a0854-9535-404d-9bdd-9ec0abb6cd6c.json>>
<<'datetime' is a required property>> --> Свойство отсутвует или расположено не по структуре json.schema.

2020-11-25T09:15:27.961177+0300 ERROR 
Ошибка по схеме <<cmarker_created.schema>> в файле <<ffe6b214-d543-40a8-8da3-deb0dc5bbd8c.json>>
<<'cmarkers' is a required property>> --> Свойство отсутвует или расположено не по структуре json.schema.

2020-11-25T09:15:27.961177+0300 ERROR 
Ошибка по схеме <<cmarker_created.schema>> в файле <<ffe6b214-d543-40a8-8da3-deb0dc5bbd8c.json>>
<<'datetime' is a required property>> --> Свойство отсутвует или расположено не по структуре json.schema.

2020-11-25T09:15:27.962178+0300 ERROR 
Ошибка по схеме <<cmarker_created.schema>> в файле <<ffe6b214-d543-40a8-8da3-deb0dc5bbd8c.json>>
<<None is not of type 'integer'>> --> JSON файл пустой. 

2020-11-25T09:15:27.968178+0300 ERROR 
Ошибка по схеме <<label_selected.schema>> в файле <<1eba2aa1-2acf-460d-91e6-55a8c3e3b7a3.json>>
<<'id' is a required property>> --> Свойство отсутвует или расположено не по структуре json.schema.

2020-11-25T09:15:27.969178+0300 ERROR 
Ошибка по схеме <<label_selected.schema>> в файле <<1eba2aa1-2acf-460d-91e6-55a8c3e3b7a3.json>>
<<'labels' is a required property>> --> Свойство отсутвует или расположено не по структуре json.schema.

2020-11-25T09:15:27.969178+0300 ERROR 
Ошибка по схеме <<label_selected.schema>> в файле <<1eba2aa1-2acf-460d-91e6-55a8c3e3b7a3.json>>
<<'rr_id' is a required property>> --> Свойство отсутвует или расположено не по структуре json.schema.

2020-11-25T09:15:27.970178+0300 ERROR 
Ошибка по схеме <<label_selected.schema>> в файле <<1eba2aa1-2acf-460d-91e6-55a8c3e3b7a3.json>>
<<'timestamp' is a required property>> --> Свойство отсутвует или расположено не по структуре json.schema.

2020-11-25T09:15:27.970178+0300 ERROR 
Ошибка по схеме <<label_selected.schema>> в файле <<1eba2aa1-2acf-460d-91e6-55a8c3e3b7a3.json>>
<<'unique_id' is a required property>> --> Свойство отсутвует или расположено не по структуре json.schema.

2020-11-25T09:15:27.971178+0300 ERROR 
Ошибка по схеме <<label_selected.schema>> в файле <<1eba2aa1-2acf-460d-91e6-55a8c3e3b7a3.json>>
<<'user' is a required property>> --> Свойство отсутвует или расположено не по структуре json.schema.

2020-11-25T09:15:27.971178+0300 ERROR 
Ошибка по схеме <<label_selected.schema>> в файле <<1eba2aa1-2acf-460d-91e6-55a8c3e3b7a3.json>>
<<'user_id' is a required property>> --> Свойство отсутвует или расположено не по структуре json.schema.

2020-11-25T09:15:27.980178+0300 ERROR 
Ошибка по схеме <<label_selected.schema>> в файле <<297e4dc6-07d1-420d-a5ae-e4aff3aedc19.json>>
<<'labels' is a required property>> --> Свойство отсутвует или расположено не по структуре json.schema.

2020-11-25T09:15:27.981179+0300 ERROR 
Ошибка по схеме <<label_selected.schema>> в файле <<297e4dc6-07d1-420d-a5ae-e4aff3aedc19.json>>
<<'rr_id' is a required property>> --> Свойство отсутвует или расположено не по структуре json.schema.

2020-11-25T09:15:27.981179+0300 ERROR 
Ошибка по схеме <<label_selected.schema>> в файле <<297e4dc6-07d1-420d-a5ae-e4aff3aedc19.json>>
<<'timestamp' is a required property>> --> Свойство отсутвует или расположено не по структуре json.schema.

2020-11-25T09:15:27.982178+0300 ERROR 
Ошибка по схеме <<label_selected.schema>> в файле <<297e4dc6-07d1-420d-a5ae-e4aff3aedc19.json>>
<<'unique_id' is a required property>> --> Свойство отсутвует или расположено не по структуре json.schema.

2020-11-25T09:15:27.982178+0300 ERROR 
Ошибка по схеме <<label_selected.schema>> в файле <<297e4dc6-07d1-420d-a5ae-e4aff3aedc19.json>>
<<'user' is a required property>> --> Свойство отсутвует или расположено не по структуре json.schema.

2020-11-25T09:15:27.983179+0300 ERROR 
Ошибка по схеме <<label_selected.schema>> в файле <<297e4dc6-07d1-420d-a5ae-e4aff3aedc19.json>>
<<'297e4dc6-07d1-420d-a5ae-e4aff3aedc19' is not of type 'null', 'integer'>> --> Неверный тип данных в ключах JSON файла.

2020-11-25T09:15:27.985179+0300 ERROR 
Ошибка по схеме <<label_selected.schema>> в файле <<29f0bfa7-bd51-4d45-93be-f6ead1ae0b96.json>>
<<None is not of type 'object'>> --> JSON файл пустой. 

2020-11-25T09:15:27.987179+0300 ERROR 
Ошибка по схеме <<label_selected.schema>> в файле <<2e8ffd3c-dbda-42df-9901-b7a30869511a.json>>
<<'labels' is a required property>> --> Свойство отсутвует или расположено не по структуре json.schema.

2020-11-25T09:15:27.987179+0300 ERROR 
Ошибка по схеме <<label_selected.schema>> в файле <<2e8ffd3c-dbda-42df-9901-b7a30869511a.json>>
<<'rr_id' is a required property>> --> Свойство отсутвует или расположено не по структуре json.schema.

2020-11-25T09:15:27.988180+0300 ERROR 
Ошибка по схеме <<label_selected.schema>> в файле <<2e8ffd3c-dbda-42df-9901-b7a30869511a.json>>
<<'timestamp' is a required property>> --> Свойство отсутвует или расположено не по структуре json.schema.

2020-11-25T09:15:27.988180+0300 ERROR 
Ошибка по схеме <<label_selected.schema>> в файле <<2e8ffd3c-dbda-42df-9901-b7a30869511a.json>>
<<'unique_id' is a required property>> --> Свойство отсутвует или расположено не по структуре json.schema.

2020-11-25T09:15:27.989179+0300 ERROR 
Ошибка по схеме <<label_selected.schema>> в файле <<2e8ffd3c-dbda-42df-9901-b7a30869511a.json>>
<<'user' is a required property>> --> Свойство отсутвует или расположено не по структуре json.schema.

2020-11-25T09:15:27.990179+0300 ERROR 
Ошибка по схеме <<label_selected.schema>> в файле <<2e8ffd3c-dbda-42df-9901-b7a30869511a.json>>
<<'2e8ffd3c-dbda-42df-9901-b7a30869511a' is not of type 'null', 'integer'>> --> Неверный тип данных в ключах JSON файла.

2020-11-25T09:15:27.991179+0300 ERROR 
Ошибка по схеме <<label_selected.schema>> в файле <<3ade063d-d1b9-453f-85b4-dda7bfda4711.json>>
<<'labels' is a required property>> --> Свойство отсутвует или расположено не по структуре json.schema.

2020-11-25T09:15:27.992179+0300 ERROR 
Ошибка по схеме <<label_selected.schema>> в файле <<3ade063d-d1b9-453f-85b4-dda7bfda4711.json>>
<<'rr_id' is a required property>> --> Свойство отсутвует или расположено не по структуре json.schema.

2020-11-25T09:15:27.998256+0300 ERROR 
Ошибка по схеме <<label_selected.schema>> в файле <<3ade063d-d1b9-453f-85b4-dda7bfda4711.json>>
<<'timestamp' is a required property>> --> Свойство отсутвует или расположено не по структуре json.schema.

2020-11-25T09:15:27.999255+0300 ERROR 
Ошибка по схеме <<label_selected.schema>> в файле <<3ade063d-d1b9-453f-85b4-dda7bfda4711.json>>
<<'unique_id' is a required property>> --> Свойство отсутвует или расположено не по структуре json.schema.

2020-11-25T09:15:27.999255+0300 ERROR 
Ошибка по схеме <<label_selected.schema>> в файле <<3ade063d-d1b9-453f-85b4-dda7bfda4711.json>>
<<'user' is a required property>> --> Свойство отсутвует или расположено не по структуре json.schema.

2020-11-25T09:15:28.000255+0300 ERROR 
Ошибка по схеме <<label_selected.schema>> в файле <<3ade063d-d1b9-453f-85b4-dda7bfda4711.json>>
<<'3ade063d-d1b9-453f-85b4-dda7bfda4711' is not of type 'null', 'integer'>> --> Неверный тип данных в ключах JSON файла.

2020-11-25T09:15:28.002256+0300 ERROR 
Ошибка по схеме <<label_selected.schema>> в файле <<3b4088ef-7521-4114-ac56-57c68632d431.json>>
<<'labels' is a required property>> --> Свойство отсутвует или расположено не по структуре json.schema.

2020-11-25T09:15:28.003256+0300 ERROR 
Ошибка по схеме <<label_selected.schema>> в файле <<3b4088ef-7521-4114-ac56-57c68632d431.json>>
<<'rr_id' is a required property>> --> Свойство отсутвует или расположено не по структуре json.schema.

2020-11-25T09:15:28.003256+0300 ERROR 
Ошибка по схеме <<label_selected.schema>> в файле <<3b4088ef-7521-4114-ac56-57c68632d431.json>>
<<'timestamp' is a required property>> --> Свойство отсутвует или расположено не по структуре json.schema.

2020-11-25T09:15:28.004255+0300 ERROR 
Ошибка по схеме <<label_selected.schema>> в файле <<3b4088ef-7521-4114-ac56-57c68632d431.json>>
<<'unique_id' is a required property>> --> Свойство отсутвует или расположено не по структуре json.schema.

2020-11-25T09:15:28.004255+0300 ERROR 
Ошибка по схеме <<label_selected.schema>> в файле <<3b4088ef-7521-4114-ac56-57c68632d431.json>>
<<'user' is a required property>> --> Свойство отсутвует или расположено не по структуре json.schema.

2020-11-25T09:15:28.005255+0300 ERROR 
Ошибка по схеме <<label_selected.schema>> в файле <<3b4088ef-7521-4114-ac56-57c68632d431.json>>
<<'3b4088ef-7521-4114-ac56-57c68632d431' is not of type 'null', 'integer'>> --> Неверный тип данных в ключах JSON файла.

2020-11-25T09:15:28.007256+0300 ERROR 
Ошибка по схеме <<label_selected.schema>> в файле <<6b1984e5-4092-4279-9dce-bdaa831c7932.json>>
<<'labels' is a required property>> --> Свойство отсутвует или расположено не по структуре json.schema.

2020-11-25T09:15:28.013705+0300 ERROR 
Ошибка по схеме <<label_selected.schema>> в файле <<6b1984e5-4092-4279-9dce-bdaa831c7932.json>>
<<'rr_id' is a required property>> --> Свойство отсутвует или расположено не по структуре json.schema.

2020-11-25T09:15:28.014402+0300 ERROR 
Ошибка по схеме <<label_selected.schema>> в файле <<6b1984e5-4092-4279-9dce-bdaa831c7932.json>>
<<'timestamp' is a required property>> --> Свойство отсутвует или расположено не по структуре json.schema.

2020-11-25T09:15:28.015402+0300 ERROR 
Ошибка по схеме <<label_selected.schema>> в файле <<6b1984e5-4092-4279-9dce-bdaa831c7932.json>>
<<'unique_id' is a required property>> --> Свойство отсутвует или расположено не по структуре json.schema.

2020-11-25T09:15:28.015402+0300 ERROR 
Ошибка по схеме <<label_selected.schema>> в файле <<6b1984e5-4092-4279-9dce-bdaa831c7932.json>>
<<'user' is a required property>> --> Свойство отсутвует или расположено не по структуре json.schema.

2020-11-25T09:15:28.016402+0300 ERROR 
Ошибка по схеме <<label_selected.schema>> в файле <<6b1984e5-4092-4279-9dce-bdaa831c7932.json>>
<<'1fe93f66-eaa8-11ea-a179-58e81c50ca6b' is not of type 'null', 'integer'>> --> Неверный тип данных в ключах JSON файла.

2020-11-25T09:15:28.017401+0300 ERROR 
Ошибка по схеме <<label_selected.schema>> в файле <<a95d845c-8d9e-4e07-8948-275167643a40.json>>
<<'id' is a required property>> --> Свойство отсутвует или расположено не по структуре json.schema.

2020-11-25T09:15:28.018406+0300 ERROR 
Ошибка по схеме <<label_selected.schema>> в файле <<a95d845c-8d9e-4e07-8948-275167643a40.json>>
<<'labels' is a required property>> --> Свойство отсутвует или расположено не по структуре json.schema.

2020-11-25T09:15:28.018406+0300 ERROR 
Ошибка по схеме <<label_selected.schema>> в файле <<a95d845c-8d9e-4e07-8948-275167643a40.json>>
<<'rr_id' is a required property>> --> Свойство отсутвует или расположено не по структуре json.schema.

2020-11-25T09:15:28.018406+0300 ERROR 
Ошибка по схеме <<label_selected.schema>> в файле <<a95d845c-8d9e-4e07-8948-275167643a40.json>>
<<'timestamp' is a required property>> --> Свойство отсутвует или расположено не по структуре json.schema.

2020-11-25T09:15:28.019404+0300 ERROR 
Ошибка по схеме <<label_selected.schema>> в файле <<a95d845c-8d9e-4e07-8948-275167643a40.json>>
<<'unique_id' is a required property>> --> Свойство отсутвует или расположено не по структуре json.schema.

2020-11-25T09:15:28.019404+0300 ERROR 
Ошибка по схеме <<label_selected.schema>> в файле <<a95d845c-8d9e-4e07-8948-275167643a40.json>>
<<'user' is a required property>> --> Свойство отсутвует или расположено не по структуре json.schema.

2020-11-25T09:15:28.029009+0300 ERROR 
Ошибка по схеме <<label_selected.schema>> в файле <<a95d845c-8d9e-4e07-8948-275167643a40.json>>
<<'user_id' is a required property>> --> Свойство отсутвует или расположено не по структуре json.schema.

2020-11-25T09:15:28.032009+0300 ERROR 
Ошибка по схеме <<label_selected.schema>> в файле <<ba25151c-914f-4f47-909a-7a65a6339f34.json>>
<<'id' is a required property>> --> Свойство отсутвует или расположено не по структуре json.schema.

2020-11-25T09:15:28.033007+0300 ERROR 
Ошибка по схеме <<label_selected.schema>> в файле <<ba25151c-914f-4f47-909a-7a65a6339f34.json>>
<<'labels' is a required property>> --> Свойство отсутвует или расположено не по структуре json.schema.

2020-11-25T09:15:28.033007+0300 ERROR 
Ошибка по схеме <<label_selected.schema>> в файле <<ba25151c-914f-4f47-909a-7a65a6339f34.json>>
<<'rr_id' is a required property>> --> Свойство отсутвует или расположено не по структуре json.schema.

2020-11-25T09:15:28.034009+0300 ERROR 
Ошибка по схеме <<label_selected.schema>> в файле <<ba25151c-914f-4f47-909a-7a65a6339f34.json>>
<<'timestamp' is a required property>> --> Свойство отсутвует или расположено не по структуре json.schema.

2020-11-25T09:15:28.034009+0300 ERROR 
Ошибка по схеме <<label_selected.schema>> в файле <<ba25151c-914f-4f47-909a-7a65a6339f34.json>>
<<'unique_id' is a required property>> --> Свойство отсутвует или расположено не по структуре json.schema.

2020-11-25T09:15:28.035008+0300 ERROR 
Ошибка по схеме <<label_selected.schema>> в файле <<ba25151c-914f-4f47-909a-7a65a6339f34.json>>
<<'user' is a required property>> --> Свойство отсутвует или расположено не по структуре json.schema.

2020-11-25T09:15:28.046014+0300 ERROR 
Ошибка по схеме <<label_selected.schema>> в файле <<bb998113-bc02-4cd1-9410-d9ae94f53eb0.json>>
<<'labels' is a required property>> --> Свойство отсутвует или расположено не по структуре json.schema.

2020-11-25T09:15:28.046014+0300 ERROR 
Ошибка по схеме <<label_selected.schema>> в файле <<bb998113-bc02-4cd1-9410-d9ae94f53eb0.json>>
<<'rr_id' is a required property>> --> Свойство отсутвует или расположено не по структуре json.schema.

2020-11-25T09:15:28.047013+0300 ERROR 
Ошибка по схеме <<label_selected.schema>> в файле <<bb998113-bc02-4cd1-9410-d9ae94f53eb0.json>>
<<'timestamp' is a required property>> --> Свойство отсутвует или расположено не по структуре json.schema.

2020-11-25T09:15:28.048013+0300 ERROR 
Ошибка по схеме <<label_selected.schema>> в файле <<bb998113-bc02-4cd1-9410-d9ae94f53eb0.json>>
<<'unique_id' is a required property>> --> Свойство отсутвует или расположено не по структуре json.schema.

2020-11-25T09:15:28.048013+0300 ERROR 
Ошибка по схеме <<label_selected.schema>> в файле <<bb998113-bc02-4cd1-9410-d9ae94f53eb0.json>>
<<'user' is a required property>> --> Свойство отсутвует или расположено не по структуре json.schema.

2020-11-25T09:15:28.049009+0300 ERROR 
Ошибка по схеме <<label_selected.schema>> в файле <<bb998113-bc02-4cd1-9410-d9ae94f53eb0.json>>
<<'bb998113-bc02-4cd1-9410-d9ae94f53eb0' is not of type 'null', 'integer'>> --> Неверный тип данных в ключах JSON файла.

2020-11-25T09:15:28.052010+0300 ERROR 
Ошибка по схеме <<label_selected.schema>> в файле <<c72d21cf-1152-4d8e-b649-e198149d5bbb.json>>
<<'labels' is a required property>> --> Свойство отсутвует или расположено не по структуре json.schema.

2020-11-25T09:15:28.052010+0300 ERROR 
Ошибка по схеме <<label_selected.schema>> в файле <<c72d21cf-1152-4d8e-b649-e198149d5bbb.json>>
<<'rr_id' is a required property>> --> Свойство отсутвует или расположено не по структуре json.schema.

2020-11-25T09:15:28.053010+0300 ERROR 
Ошибка по схеме <<label_selected.schema>> в файле <<c72d21cf-1152-4d8e-b649-e198149d5bbb.json>>
<<'timestamp' is a required property>> --> Свойство отсутвует или расположено не по структуре json.schema.

2020-11-25T09:15:28.054009+0300 ERROR 
Ошибка по схеме <<label_selected.schema>> в файле <<c72d21cf-1152-4d8e-b649-e198149d5bbb.json>>
<<'unique_id' is a required property>> --> Свойство отсутвует или расположено не по структуре json.schema.

2020-11-25T09:15:28.054009+0300 ERROR 
Ошибка по схеме <<label_selected.schema>> в файле <<c72d21cf-1152-4d8e-b649-e198149d5bbb.json>>
<<'user' is a required property>> --> Свойство отсутвует или расположено не по структуре json.schema.

2020-11-25T09:15:28.061070+0300 ERROR 
Ошибка по схеме <<label_selected.schema>> в файле <<c72d21cf-1152-4d8e-b649-e198149d5bbb.json>>
<<'1fec4e4e-f8a6-11ea-a4b2-fc287a5c983c' is not of type 'null', 'integer'>> --> Неверный тип данных в ключах JSON файла.

2020-11-25T09:15:28.063072+0300 ERROR 
Ошибка по схеме <<label_selected.schema>> в файле <<cc07e442-7986-4714-8fc2-ac2256690a90.json>>
<<'id' is a required property>> --> Свойство отсутвует или расположено не по структуре json.schema.

2020-11-25T09:15:28.064074+0300 ERROR 
Ошибка по схеме <<label_selected.schema>> в файле <<cc07e442-7986-4714-8fc2-ac2256690a90.json>>
<<'labels' is a required property>> --> Свойство отсутвует или расположено не по структуре json.schema.

2020-11-25T09:15:28.064074+0300 ERROR 
Ошибка по схеме <<label_selected.schema>> в файле <<cc07e442-7986-4714-8fc2-ac2256690a90.json>>
<<'rr_id' is a required property>> --> Свойство отсутвует или расположено не по структуре json.schema.

2020-11-25T09:15:28.065070+0300 ERROR 
Ошибка по схеме <<label_selected.schema>> в файле <<cc07e442-7986-4714-8fc2-ac2256690a90.json>>
<<'timestamp' is a required property>> --> Свойство отсутвует или расположено не по структуре json.schema.

2020-11-25T09:15:28.065070+0300 ERROR 
Ошибка по схеме <<label_selected.schema>> в файле <<cc07e442-7986-4714-8fc2-ac2256690a90.json>>
<<'unique_id' is a required property>> --> Свойство отсутвует или расположено не по структуре json.schema.

2020-11-25T09:15:28.066071+0300 ERROR 
Ошибка по схеме <<label_selected.schema>> в файле <<cc07e442-7986-4714-8fc2-ac2256690a90.json>>
<<'user' is a required property>> --> Свойство отсутвует или расположено не по структуре json.schema.

2020-11-25T09:15:28.068072+0300 ERROR 
Ошибка по схеме <<label_selected.schema>> в файле <<e2d760c3-7e10-4464-ab22-7fda6b5e2562.json>>
<<'labels' is a required property>> --> Свойство отсутвует или расположено не по структуре json.schema.

2020-11-25T09:15:28.068072+0300 ERROR 
Ошибка по схеме <<label_selected.schema>> в файле <<e2d760c3-7e10-4464-ab22-7fda6b5e2562.json>>
<<'rr_id' is a required property>> --> Свойство отсутвует или расположено не по структуре json.schema.

2020-11-25T09:15:28.069073+0300 ERROR 
Ошибка по схеме <<label_selected.schema>> в файле <<e2d760c3-7e10-4464-ab22-7fda6b5e2562.json>>
<<'timestamp' is a required property>> --> Свойство отсутвует или расположено не по структуре json.schema.

2020-11-25T09:15:28.069073+0300 ERROR 
Ошибка по схеме <<label_selected.schema>> в файле <<e2d760c3-7e10-4464-ab22-7fda6b5e2562.json>>
<<'unique_id' is a required property>> --> Свойство отсутвует или расположено не по структуре json.schema.

2020-11-25T09:15:28.077123+0300 ERROR 
Ошибка по схеме <<label_selected.schema>> в файле <<e2d760c3-7e10-4464-ab22-7fda6b5e2562.json>>
<<'user' is a required property>> --> Свойство отсутвует или расположено не по структуре json.schema.

2020-11-25T09:15:28.078125+0300 ERROR 
Ошибка по схеме <<label_selected.schema>> в файле <<e2d760c3-7e10-4464-ab22-7fda6b5e2562.json>>
<<'e2d760c3-7e10-4464-ab22-7fda6b5e2562' is not of type 'null', 'integer'>> --> Неверный тип данных в ключах JSON файла.

2020-11-25T09:15:28.081126+0300 ERROR 
Ошибка по схеме <<label_selected.schema>> в файле <<f5656ff6-29e1-46b0-8d8a-ff77f9cc0953.json>>
<<'labels' is a required property>> --> Свойство отсутвует или расположено не по структуре json.schema.

2020-11-25T09:15:28.081126+0300 ERROR 
Ошибка по схеме <<label_selected.schema>> в файле <<f5656ff6-29e1-46b0-8d8a-ff77f9cc0953.json>>
<<'rr_id' is a required property>> --> Свойство отсутвует или расположено не по структуре json.schema.

2020-11-25T09:15:28.082123+0300 ERROR 
Ошибка по схеме <<label_selected.schema>> в файле <<f5656ff6-29e1-46b0-8d8a-ff77f9cc0953.json>>
<<'timestamp' is a required property>> --> Свойство отсутвует или расположено не по структуре json.schema.

2020-11-25T09:15:28.082123+0300 ERROR 
Ошибка по схеме <<label_selected.schema>> в файле <<f5656ff6-29e1-46b0-8d8a-ff77f9cc0953.json>>
<<'unique_id' is a required property>> --> Свойство отсутвует или расположено не по структуре json.schema.

2020-11-25T09:15:28.083124+0300 ERROR 
Ошибка по схеме <<label_selected.schema>> в файле <<f5656ff6-29e1-46b0-8d8a-ff77f9cc0953.json>>
<<'user' is a required property>> --> Свойство отсутвует или расположено не по структуре json.schema.

2020-11-25T09:15:28.083124+0300 ERROR 
Ошибка по схеме <<label_selected.schema>> в файле <<f5656ff6-29e1-46b0-8d8a-ff77f9cc0953.json>>
<<'f5656ff6-29e1-46b0-8d8a-ff77f9cc0953' is not of type 'null', 'integer'>> --> Неверный тип данных в ключах JSON файла.

2020-11-25T09:15:28.085125+0300 ERROR 
Ошибка по схеме <<label_selected.schema>> в файле <<fb1a0854-9535-404d-9bdd-9ec0abb6cd6c.json>>
<<'labels' is a required property>> --> Свойство отсутвует или расположено не по структуре json.schema.

2020-11-25T09:15:28.086125+0300 ERROR 
Ошибка по схеме <<label_selected.schema>> в файле <<fb1a0854-9535-404d-9bdd-9ec0abb6cd6c.json>>
<<'rr_id' is a required property>> --> Свойство отсутвует или расположено не по структуре json.schema.

2020-11-25T09:15:28.086125+0300 ERROR 
Ошибка по схеме <<label_selected.schema>> в файле <<fb1a0854-9535-404d-9bdd-9ec0abb6cd6c.json>>
<<'timestamp' is a required property>> --> Свойство отсутвует или расположено не по структуре json.schema.

2020-11-25T09:15:28.093124+0300 ERROR 
Ошибка по схеме <<label_selected.schema>> в файле <<fb1a0854-9535-404d-9bdd-9ec0abb6cd6c.json>>
<<'unique_id' is a required property>> --> Свойство отсутвует или расположено не по структуре json.schema.

2020-11-25T09:15:28.094125+0300 ERROR 
Ошибка по схеме <<label_selected.schema>> в файле <<fb1a0854-9535-404d-9bdd-9ec0abb6cd6c.json>>
<<'user' is a required property>> --> Свойство отсутвует или расположено не по структуре json.schema.

2020-11-25T09:15:28.094125+0300 ERROR 
Ошибка по схеме <<label_selected.schema>> в файле <<fb1a0854-9535-404d-9bdd-9ec0abb6cd6c.json>>
<<'fb1a0854-9535-404d-9bdd-9ec0abb6cd6c' is not of type 'null', 'integer'>> --> Неверный тип данных в ключах JSON файла.

2020-11-25T09:15:28.096126+0300 ERROR 
Ошибка по схеме <<label_selected.schema>> в файле <<ffe6b214-d543-40a8-8da3-deb0dc5bbd8c.json>>
<<'labels' is a required property>> --> Свойство отсутвует или расположено не по структуре json.schema.

2020-11-25T09:15:28.097127+0300 ERROR 
Ошибка по схеме <<label_selected.schema>> в файле <<ffe6b214-d543-40a8-8da3-deb0dc5bbd8c.json>>
<<'rr_id' is a required property>> --> Свойство отсутвует или расположено не по структуре json.schema.

2020-11-25T09:15:28.097127+0300 ERROR 
Ошибка по схеме <<label_selected.schema>> в файле <<ffe6b214-d543-40a8-8da3-deb0dc5bbd8c.json>>
<<'timestamp' is a required property>> --> Свойство отсутвует или расположено не по структуре json.schema.

2020-11-25T09:15:28.098126+0300 ERROR 
Ошибка по схеме <<label_selected.schema>> в файле <<ffe6b214-d543-40a8-8da3-deb0dc5bbd8c.json>>
<<'unique_id' is a required property>> --> Свойство отсутвует или расположено не по структуре json.schema.

2020-11-25T09:15:28.098126+0300 ERROR 
Ошибка по схеме <<label_selected.schema>> в файле <<ffe6b214-d543-40a8-8da3-deb0dc5bbd8c.json>>
<<'user' is a required property>> --> Свойство отсутвует или расположено не по структуре json.schema.

2020-11-25T09:15:28.099124+0300 ERROR 
Ошибка по схеме <<label_selected.schema>> в файле <<ffe6b214-d543-40a8-8da3-deb0dc5bbd8c.json>>
<<'ffe6b214-d543-40a8-8da3-deb0dc5bbd8c' is not of type 'null', 'integer'>> --> Неверный тип данных в ключах JSON файла.

2020-11-25T09:15:28.099124+0300 ERROR 
Ошибка по схеме <<label_selected.schema>> в файле <<ffe6b214-d543-40a8-8da3-deb0dc5bbd8c.json>>
<<None is not of type 'integer'>> --> JSON файл пустой. 

2020-11-25T09:15:28.102126+0300 ERROR 
Ошибка по схеме <<sleep_created.schema>> в файле <<1eba2aa1-2acf-460d-91e6-55a8c3e3b7a3.json>>
<<'source' is a required property>> --> Свойство отсутвует или расположено не по структуре json.schema.

2020-11-25T09:15:28.110178+0300 ERROR 
Ошибка по схеме <<sleep_created.schema>> в файле <<1eba2aa1-2acf-460d-91e6-55a8c3e3b7a3.json>>
<<'timestamp' is a required property>> --> Свойство отсутвует или расположено не по структуре json.schema.

2020-11-25T09:15:28.110178+0300 ERROR 
Ошибка по схеме <<sleep_created.schema>> в файле <<1eba2aa1-2acf-460d-91e6-55a8c3e3b7a3.json>>
<<'finish_time' is a required property>> --> Свойство отсутвует или расположено не по структуре json.schema.

2020-11-25T09:15:28.111180+0300 ERROR 
Ошибка по схеме <<sleep_created.schema>> в файле <<1eba2aa1-2acf-460d-91e6-55a8c3e3b7a3.json>>
<<'activity_type' is a required property>> --> Свойство отсутвует или расположено не по структуре json.schema.

2020-11-25T09:15:28.111180+0300 ERROR 
Ошибка по схеме <<sleep_created.schema>> в файле <<1eba2aa1-2acf-460d-91e6-55a8c3e3b7a3.json>>
<<'time_start' is a required property>> --> Свойство отсутвует или расположено не по структуре json.schema.

2020-11-25T09:15:28.112179+0300 ERROR 
Ошибка по схеме <<sleep_created.schema>> в файле <<1eba2aa1-2acf-460d-91e6-55a8c3e3b7a3.json>>
<<'unique_id' is a required property>> --> Свойство отсутвует или расположено не по структуре json.schema.

2020-11-25T09:15:28.121181+0300 ERROR 
Ошибка по схеме <<sleep_created.schema>> в файле <<297e4dc6-07d1-420d-a5ae-e4aff3aedc19.json>>
<<'source' is a required property>> --> Свойство отсутвует или расположено не по структуре json.schema.

2020-11-25T09:15:28.121181+0300 ERROR 
Ошибка по схеме <<sleep_created.schema>> в файле <<297e4dc6-07d1-420d-a5ae-e4aff3aedc19.json>>
<<'timestamp' is a required property>> --> Свойство отсутвует или расположено не по структуре json.schema.

2020-11-25T09:15:28.122179+0300 ERROR 
Ошибка по схеме <<sleep_created.schema>> в файле <<297e4dc6-07d1-420d-a5ae-e4aff3aedc19.json>>
<<'finish_time' is a required property>> --> Свойство отсутвует или расположено не по структуре json.schema.

2020-11-25T09:15:28.122179+0300 ERROR 
Ошибка по схеме <<sleep_created.schema>> в файле <<297e4dc6-07d1-420d-a5ae-e4aff3aedc19.json>>
<<'activity_type' is a required property>> --> Свойство отсутвует или расположено не по структуре json.schema.

2020-11-25T09:15:28.123178+0300 ERROR 
Ошибка по схеме <<sleep_created.schema>> в файле <<297e4dc6-07d1-420d-a5ae-e4aff3aedc19.json>>
<<'time_start' is a required property>> --> Свойство отсутвует или расположено не по структуре json.schema.

2020-11-25T09:15:28.123178+0300 ERROR 
Ошибка по схеме <<sleep_created.schema>> в файле <<297e4dc6-07d1-420d-a5ae-e4aff3aedc19.json>>
<<'unique_id' is a required property>> --> Свойство отсутвует или расположено не по структуре json.schema.

2020-11-25T09:15:28.127158+0300 ERROR 
Ошибка по схеме <<sleep_created.schema>> в файле <<29f0bfa7-bd51-4d45-93be-f6ead1ae0b96.json>>
<<None is not of type 'object'>> --> JSON файл пустой. 

2020-11-25T09:15:28.129157+0300 ERROR 
Ошибка по схеме <<sleep_created.schema>> в файле <<2e8ffd3c-dbda-42df-9901-b7a30869511a.json>>
<<'source' is a required property>> --> Свойство отсутвует или расположено не по структуре json.schema.

2020-11-25T09:15:28.129157+0300 ERROR 
Ошибка по схеме <<sleep_created.schema>> в файле <<2e8ffd3c-dbda-42df-9901-b7a30869511a.json>>
<<'timestamp' is a required property>> --> Свойство отсутвует или расположено не по структуре json.schema.

2020-11-25T09:15:28.130158+0300 ERROR 
Ошибка по схеме <<sleep_created.schema>> в файле <<2e8ffd3c-dbda-42df-9901-b7a30869511a.json>>
<<'finish_time' is a required property>> --> Свойство отсутвует или расположено не по структуре json.schema.

2020-11-25T09:15:28.130158+0300 ERROR 
Ошибка по схеме <<sleep_created.schema>> в файле <<2e8ffd3c-dbda-42df-9901-b7a30869511a.json>>
<<'activity_type' is a required property>> --> Свойство отсутвует или расположено не по структуре json.schema.

2020-11-25T09:15:28.131158+0300 ERROR 
Ошибка по схеме <<sleep_created.schema>> в файле <<2e8ffd3c-dbda-42df-9901-b7a30869511a.json>>
<<'time_start' is a required property>> --> Свойство отсутвует или расположено не по структуре json.schema.

2020-11-25T09:15:28.132158+0300 ERROR 
Ошибка по схеме <<sleep_created.schema>> в файле <<2e8ffd3c-dbda-42df-9901-b7a30869511a.json>>
<<'unique_id' is a required property>> --> Свойство отсутвует или расположено не по структуре json.schema.

2020-11-25T09:15:28.133158+0300 ERROR 
Ошибка по схеме <<sleep_created.schema>> в файле <<3ade063d-d1b9-453f-85b4-dda7bfda4711.json>>
<<'source' is a required property>> --> Свойство отсутвует или расположено не по структуре json.schema.

2020-11-25T09:15:28.134158+0300 ERROR 
Ошибка по схеме <<sleep_created.schema>> в файле <<3ade063d-d1b9-453f-85b4-dda7bfda4711.json>>
<<'timestamp' is a required property>> --> Свойство отсутвует или расположено не по структуре json.schema.

2020-11-25T09:15:28.135158+0300 ERROR 
Ошибка по схеме <<sleep_created.schema>> в файле <<3ade063d-d1b9-453f-85b4-dda7bfda4711.json>>
<<'finish_time' is a required property>> --> Свойство отсутвует или расположено не по структуре json.schema.

2020-11-25T09:15:28.135158+0300 ERROR 
Ошибка по схеме <<sleep_created.schema>> в файле <<3ade063d-d1b9-453f-85b4-dda7bfda4711.json>>
<<'activity_type' is a required property>> --> Свойство отсутвует или расположено не по структуре json.schema.

2020-11-25T09:15:28.141163+0300 ERROR 
Ошибка по схеме <<sleep_created.schema>> в файле <<3ade063d-d1b9-453f-85b4-dda7bfda4711.json>>
<<'time_start' is a required property>> --> Свойство отсутвует или расположено не по структуре json.schema.

2020-11-25T09:15:28.142163+0300 ERROR 
Ошибка по схеме <<sleep_created.schema>> в файле <<3ade063d-d1b9-453f-85b4-dda7bfda4711.json>>
<<'unique_id' is a required property>> --> Свойство отсутвует или расположено не по структуре json.schema.

2020-11-25T09:15:28.144163+0300 ERROR 
Ошибка по схеме <<sleep_created.schema>> в файле <<3b4088ef-7521-4114-ac56-57c68632d431.json>>
<<'source' is a required property>> --> Свойство отсутвует или расположено не по структуре json.schema.

2020-11-25T09:15:28.145164+0300 ERROR 
Ошибка по схеме <<sleep_created.schema>> в файле <<3b4088ef-7521-4114-ac56-57c68632d431.json>>
<<'timestamp' is a required property>> --> Свойство отсутвует или расположено не по структуре json.schema.

2020-11-25T09:15:28.145164+0300 ERROR 
Ошибка по схеме <<sleep_created.schema>> в файле <<3b4088ef-7521-4114-ac56-57c68632d431.json>>
<<'finish_time' is a required property>> --> Свойство отсутвует или расположено не по структуре json.schema.

2020-11-25T09:15:28.146163+0300 ERROR 
Ошибка по схеме <<sleep_created.schema>> в файле <<3b4088ef-7521-4114-ac56-57c68632d431.json>>
<<'activity_type' is a required property>> --> Свойство отсутвует или расположено не по структуре json.schema.

2020-11-25T09:15:28.146163+0300 ERROR 
Ошибка по схеме <<sleep_created.schema>> в файле <<3b4088ef-7521-4114-ac56-57c68632d431.json>>
<<'time_start' is a required property>> --> Свойство отсутвует или расположено не по структуре json.schema.

2020-11-25T09:15:28.147162+0300 ERROR 
Ошибка по схеме <<sleep_created.schema>> в файле <<3b4088ef-7521-4114-ac56-57c68632d431.json>>
<<'unique_id' is a required property>> --> Свойство отсутвует или расположено не по структуре json.schema.

2020-11-25T09:15:28.150170+0300 ERROR 
Ошибка по схеме <<sleep_created.schema>> в файле <<6b1984e5-4092-4279-9dce-bdaa831c7932.json>>
<<'source' is a required property>> --> Свойство отсутвует или расположено не по структуре json.schema.

2020-11-25T09:15:28.150170+0300 ERROR 
Ошибка по схеме <<sleep_created.schema>> в файле <<6b1984e5-4092-4279-9dce-bdaa831c7932.json>>
<<'timestamp' is a required property>> --> Свойство отсутвует или расположено не по структуре json.schema.

2020-11-25T09:15:28.151163+0300 ERROR 
Ошибка по схеме <<sleep_created.schema>> в файле <<6b1984e5-4092-4279-9dce-bdaa831c7932.json>>
<<'finish_time' is a required property>> --> Свойство отсутвует или расположено не по структуре json.schema.

2020-11-25T09:15:28.157160+0300 ERROR 
Ошибка по схеме <<sleep_created.schema>> в файле <<6b1984e5-4092-4279-9dce-bdaa831c7932.json>>
<<'activity_type' is a required property>> --> Свойство отсутвует или расположено не по структуре json.schema.

2020-11-25T09:15:28.158161+0300 ERROR 
Ошибка по схеме <<sleep_created.schema>> в файле <<6b1984e5-4092-4279-9dce-bdaa831c7932.json>>
<<'time_start' is a required property>> --> Свойство отсутвует или расположено не по структуре json.schema.

2020-11-25T09:15:28.158161+0300 ERROR 
Ошибка по схеме <<sleep_created.schema>> в файле <<6b1984e5-4092-4279-9dce-bdaa831c7932.json>>
<<'unique_id' is a required property>> --> Свойство отсутвует или расположено не по структуре json.schema.

2020-11-25T09:15:28.160162+0300 ERROR 
Ошибка по схеме <<sleep_created.schema>> в файле <<a95d845c-8d9e-4e07-8948-275167643a40.json>>
<<'source' is a required property>> --> Свойство отсутвует или расположено не по структуре json.schema.

2020-11-25T09:15:28.161161+0300 ERROR 
Ошибка по схеме <<sleep_created.schema>> в файле <<a95d845c-8d9e-4e07-8948-275167643a40.json>>
<<'timestamp' is a required property>> --> Свойство отсутвует или расположено не по структуре json.schema.

2020-11-25T09:15:28.162161+0300 ERROR 
Ошибка по схеме <<sleep_created.schema>> в файле <<a95d845c-8d9e-4e07-8948-275167643a40.json>>
<<'finish_time' is a required property>> --> Свойство отсутвует или расположено не по структуре json.schema.

2020-11-25T09:15:28.162161+0300 ERROR 
Ошибка по схеме <<sleep_created.schema>> в файле <<a95d845c-8d9e-4e07-8948-275167643a40.json>>
<<'activity_type' is a required property>> --> Свойство отсутвует или расположено не по структуре json.schema.

2020-11-25T09:15:28.163164+0300 ERROR 
Ошибка по схеме <<sleep_created.schema>> в файле <<a95d845c-8d9e-4e07-8948-275167643a40.json>>
<<'time_start' is a required property>> --> Свойство отсутвует или расположено не по структуре json.schema.

2020-11-25T09:15:28.164167+0300 ERROR 
Ошибка по схеме <<sleep_created.schema>> в файле <<a95d845c-8d9e-4e07-8948-275167643a40.json>>
<<'unique_id' is a required property>> --> Свойство отсутвует или расположено не по структуре json.schema.

2020-11-25T09:15:28.167169+0300 ERROR 
Ошибка по схеме <<sleep_created.schema>> в файле <<ba25151c-914f-4f47-909a-7a65a6339f34.json>>
<<'source' is a required property>> --> Свойство отсутвует или расположено не по структуре json.schema.

2020-11-25T09:15:28.167169+0300 ERROR 
Ошибка по схеме <<sleep_created.schema>> в файле <<ba25151c-914f-4f47-909a-7a65a6339f34.json>>
<<'timestamp' is a required property>> --> Свойство отсутвует или расположено не по структуре json.schema.

2020-11-25T09:15:28.173163+0300 ERROR 
Ошибка по схеме <<sleep_created.schema>> в файле <<ba25151c-914f-4f47-909a-7a65a6339f34.json>>
<<'finish_time' is a required property>> --> Свойство отсутвует или расположено не по структуре json.schema.

2020-11-25T09:15:28.174162+0300 ERROR 
Ошибка по схеме <<sleep_created.schema>> в файле <<ba25151c-914f-4f47-909a-7a65a6339f34.json>>
<<'activity_type' is a required property>> --> Свойство отсутвует или расположено не по структуре json.schema.

2020-11-25T09:15:28.175162+0300 ERROR 
Ошибка по схеме <<sleep_created.schema>> в файле <<ba25151c-914f-4f47-909a-7a65a6339f34.json>>
<<'time_start' is a required property>> --> Свойство отсутвует или расположено не по структуре json.schema.

2020-11-25T09:15:28.176162+0300 ERROR 
Ошибка по схеме <<sleep_created.schema>> в файле <<ba25151c-914f-4f47-909a-7a65a6339f34.json>>
<<'unique_id' is a required property>> --> Свойство отсутвует или расположено не по структуре json.schema.

2020-11-25T09:15:28.184176+0300 ERROR 
Ошибка по схеме <<sleep_created.schema>> в файле <<bb998113-bc02-4cd1-9410-d9ae94f53eb0.json>>
<<'source' is a required property>> --> Свойство отсутвует или расположено не по структуре json.schema.

2020-11-25T09:15:28.185180+0300 ERROR 
Ошибка по схеме <<sleep_created.schema>> в файле <<bb998113-bc02-4cd1-9410-d9ae94f53eb0.json>>
<<'timestamp' is a required property>> --> Свойство отсутвует или расположено не по структуре json.schema.

2020-11-25T09:15:28.186179+0300 ERROR 
Ошибка по схеме <<sleep_created.schema>> в файле <<bb998113-bc02-4cd1-9410-d9ae94f53eb0.json>>
<<'finish_time' is a required property>> --> Свойство отсутвует или расположено не по структуре json.schema.

2020-11-25T09:15:28.186179+0300 ERROR 
Ошибка по схеме <<sleep_created.schema>> в файле <<bb998113-bc02-4cd1-9410-d9ae94f53eb0.json>>
<<'activity_type' is a required property>> --> Свойство отсутвует или расположено не по структуре json.schema.

2020-11-25T09:15:28.187177+0300 ERROR 
Ошибка по схеме <<sleep_created.schema>> в файле <<bb998113-bc02-4cd1-9410-d9ae94f53eb0.json>>
<<'time_start' is a required property>> --> Свойство отсутвует или расположено не по структуре json.schema.

2020-11-25T09:15:28.187177+0300 ERROR 
Ошибка по схеме <<sleep_created.schema>> в файле <<bb998113-bc02-4cd1-9410-d9ae94f53eb0.json>>
<<'unique_id' is a required property>> --> Свойство отсутвует или расположено не по структуре json.schema.

2020-11-25T09:15:28.190168+0300 ERROR 
Ошибка по схеме <<sleep_created.schema>> в файле <<c72d21cf-1152-4d8e-b649-e198149d5bbb.json>>
<<'source' is a required property>> --> Свойство отсутвует или расположено не по структуре json.schema.

2020-11-25T09:15:28.192169+0300 ERROR 
Ошибка по схеме <<sleep_created.schema>> в файле <<c72d21cf-1152-4d8e-b649-e198149d5bbb.json>>
<<'timestamp' is a required property>> --> Свойство отсутвует или расположено не по структуре json.schema.

2020-11-25T09:15:28.192169+0300 ERROR 
Ошибка по схеме <<sleep_created.schema>> в файле <<c72d21cf-1152-4d8e-b649-e198149d5bbb.json>>
<<'finish_time' is a required property>> --> Свойство отсутвует или расположено не по структуре json.schema.

2020-11-25T09:15:28.193167+0300 ERROR 
Ошибка по схеме <<sleep_created.schema>> в файле <<c72d21cf-1152-4d8e-b649-e198149d5bbb.json>>
<<'activity_type' is a required property>> --> Свойство отсутвует или расположено не по структуре json.schema.

2020-11-25T09:15:28.194166+0300 ERROR 
Ошибка по схеме <<sleep_created.schema>> в файле <<c72d21cf-1152-4d8e-b649-e198149d5bbb.json>>
<<'time_start' is a required property>> --> Свойство отсутвует или расположено не по структуре json.schema.

2020-11-25T09:15:28.194166+0300 ERROR 
Ошибка по схеме <<sleep_created.schema>> в файле <<c72d21cf-1152-4d8e-b649-e198149d5bbb.json>>
<<'unique_id' is a required property>> --> Свойство отсутвует или расположено не по структуре json.schema.

2020-11-25T09:15:28.197164+0300 ERROR 
Ошибка по схеме <<sleep_created.schema>> в файле <<cc07e442-7986-4714-8fc2-ac2256690a90.json>>
<<'source' is a required property>> --> Свойство отсутвует или расположено не по структуре json.schema.

2020-11-25T09:15:28.198166+0300 ERROR 
Ошибка по схеме <<sleep_created.schema>> в файле <<cc07e442-7986-4714-8fc2-ac2256690a90.json>>
<<'timestamp' is a required property>> --> Свойство отсутвует или расположено не по структуре json.schema.

2020-11-25T09:15:28.199162+0300 ERROR 
Ошибка по схеме <<sleep_created.schema>> в файле <<cc07e442-7986-4714-8fc2-ac2256690a90.json>>
<<'finish_time' is a required property>> --> Свойство отсутвует или расположено не по структуре json.schema.

2020-11-25T09:15:28.200165+0300 ERROR 
Ошибка по схеме <<sleep_created.schema>> в файле <<cc07e442-7986-4714-8fc2-ac2256690a90.json>>
<<'activity_type' is a required property>> --> Свойство отсутвует или расположено не по структуре json.schema.

2020-11-25T09:15:28.200165+0300 ERROR 
Ошибка по схеме <<sleep_created.schema>> в файле <<cc07e442-7986-4714-8fc2-ac2256690a90.json>>
<<'time_start' is a required property>> --> Свойство отсутвует или расположено не по структуре json.schema.

2020-11-25T09:15:28.205266+0300 ERROR 
Ошибка по схеме <<sleep_created.schema>> в файле <<cc07e442-7986-4714-8fc2-ac2256690a90.json>>
<<'unique_id' is a required property>> --> Свойство отсутвует или расположено не по структуре json.schema.

2020-11-25T09:15:28.207303+0300 ERROR 
Ошибка по схеме <<sleep_created.schema>> в файле <<e2d760c3-7e10-4464-ab22-7fda6b5e2562.json>>
<<'source' is a required property>> --> Свойство отсутвует или расположено не по структуре json.schema.

2020-11-25T09:15:28.208294+0300 ERROR 
Ошибка по схеме <<sleep_created.schema>> в файле <<e2d760c3-7e10-4464-ab22-7fda6b5e2562.json>>
<<'timestamp' is a required property>> --> Свойство отсутвует или расположено не по структуре json.schema.

2020-11-25T09:15:28.209289+0300 ERROR 
Ошибка по схеме <<sleep_created.schema>> в файле <<e2d760c3-7e10-4464-ab22-7fda6b5e2562.json>>
<<'finish_time' is a required property>> --> Свойство отсутвует или расположено не по структуре json.schema.

2020-11-25T09:15:28.209289+0300 ERROR 
Ошибка по схеме <<sleep_created.schema>> в файле <<e2d760c3-7e10-4464-ab22-7fda6b5e2562.json>>
<<'activity_type' is a required property>> --> Свойство отсутвует или расположено не по структуре json.schema.

2020-11-25T09:15:28.210286+0300 ERROR 
Ошибка по схеме <<sleep_created.schema>> в файле <<e2d760c3-7e10-4464-ab22-7fda6b5e2562.json>>
<<'time_start' is a required property>> --> Свойство отсутвует или расположено не по структуре json.schema.

2020-11-25T09:15:28.210286+0300 ERROR 
Ошибка по схеме <<sleep_created.schema>> в файле <<e2d760c3-7e10-4464-ab22-7fda6b5e2562.json>>
<<'unique_id' is a required property>> --> Свойство отсутвует или расположено не по структуре json.schema.

2020-11-25T09:15:28.213269+0300 ERROR 
Ошибка по схеме <<sleep_created.schema>> в файле <<f5656ff6-29e1-46b0-8d8a-ff77f9cc0953.json>>
<<'source' is a required property>> --> Свойство отсутвует или расположено не по структуре json.schema.

2020-11-25T09:15:28.214292+0300 ERROR 
Ошибка по схеме <<sleep_created.schema>> в файле <<f5656ff6-29e1-46b0-8d8a-ff77f9cc0953.json>>
<<'timestamp' is a required property>> --> Свойство отсутвует или расположено не по структуре json.schema.

2020-11-25T09:15:28.215288+0300 ERROR 
Ошибка по схеме <<sleep_created.schema>> в файле <<f5656ff6-29e1-46b0-8d8a-ff77f9cc0953.json>>
<<'finish_time' is a required property>> --> Свойство отсутвует или расположено не по структуре json.schema.

2020-11-25T09:15:28.215288+0300 ERROR 
Ошибка по схеме <<sleep_created.schema>> в файле <<f5656ff6-29e1-46b0-8d8a-ff77f9cc0953.json>>
<<'activity_type' is a required property>> --> Свойство отсутвует или расположено не по структуре json.schema.

2020-11-25T09:15:28.221370+0300 ERROR 
Ошибка по схеме <<sleep_created.schema>> в файле <<f5656ff6-29e1-46b0-8d8a-ff77f9cc0953.json>>
<<'time_start' is a required property>> --> Свойство отсутвует или расположено не по структуре json.schema.

2020-11-25T09:15:28.221370+0300 ERROR 
Ошибка по схеме <<sleep_created.schema>> в файле <<f5656ff6-29e1-46b0-8d8a-ff77f9cc0953.json>>
<<'unique_id' is a required property>> --> Свойство отсутвует или расположено не по структуре json.schema.

2020-11-25T09:15:28.224412+0300 ERROR 
Ошибка по схеме <<sleep_created.schema>> в файле <<fb1a0854-9535-404d-9bdd-9ec0abb6cd6c.json>>
<<'source' is a required property>> --> Свойство отсутвует или расположено не по структуре json.schema.

2020-11-25T09:15:28.225402+0300 ERROR 
Ошибка по схеме <<sleep_created.schema>> в файле <<fb1a0854-9535-404d-9bdd-9ec0abb6cd6c.json>>
<<'timestamp' is a required property>> --> Свойство отсутвует или расположено не по структуре json.schema.

2020-11-25T09:15:28.225402+0300 ERROR 
Ошибка по схеме <<sleep_created.schema>> в файле <<fb1a0854-9535-404d-9bdd-9ec0abb6cd6c.json>>
<<'finish_time' is a required property>> --> Свойство отсутвует или расположено не по структуре json.schema.

2020-11-25T09:15:28.226392+0300 ERROR 
Ошибка по схеме <<sleep_created.schema>> в файле <<fb1a0854-9535-404d-9bdd-9ec0abb6cd6c.json>>
<<'activity_type' is a required property>> --> Свойство отсутвует или расположено не по структуре json.schema.

2020-11-25T09:15:28.226392+0300 ERROR 
Ошибка по схеме <<sleep_created.schema>> в файле <<fb1a0854-9535-404d-9bdd-9ec0abb6cd6c.json>>
<<'time_start' is a required property>> --> Свойство отсутвует или расположено не по структуре json.schema.

2020-11-25T09:15:28.227393+0300 ERROR 
Ошибка по схеме <<sleep_created.schema>> в файле <<fb1a0854-9535-404d-9bdd-9ec0abb6cd6c.json>>
<<'unique_id' is a required property>> --> Свойство отсутвует или расположено не по структуре json.schema.

2020-11-25T09:15:28.229395+0300 ERROR 
Ошибка по схеме <<sleep_created.schema>> в файле <<ffe6b214-d543-40a8-8da3-deb0dc5bbd8c.json>>
<<'source' is a required property>> --> Свойство отсутвует или расположено не по структуре json.schema.

2020-11-25T09:15:28.230373+0300 ERROR 
Ошибка по схеме <<sleep_created.schema>> в файле <<ffe6b214-d543-40a8-8da3-deb0dc5bbd8c.json>>
<<'timestamp' is a required property>> --> Свойство отсутвует или расположено не по структуре json.schema.

2020-11-25T09:15:28.231372+0300 ERROR 
Ошибка по схеме <<sleep_created.schema>> в файле <<ffe6b214-d543-40a8-8da3-deb0dc5bbd8c.json>>
<<'finish_time' is a required property>> --> Свойство отсутвует или расположено не по структуре json.schema.

2020-11-25T09:15:28.236394+0300 ERROR 
Ошибка по схеме <<sleep_created.schema>> в файле <<ffe6b214-d543-40a8-8da3-deb0dc5bbd8c.json>>
<<'activity_type' is a required property>> --> Свойство отсутвует или расположено не по структуре json.schema.

2020-11-25T09:15:28.237396+0300 ERROR 
Ошибка по схеме <<sleep_created.schema>> в файле <<ffe6b214-d543-40a8-8da3-deb0dc5bbd8c.json>>
<<'time_start' is a required property>> --> Свойство отсутвует или расположено не по структуре json.schema.

2020-11-25T09:15:28.237396+0300 ERROR 
Ошибка по схеме <<sleep_created.schema>> в файле <<ffe6b214-d543-40a8-8da3-deb0dc5bbd8c.json>>
<<'unique_id' is a required property>> --> Свойство отсутвует или расположено не по структуре json.schema.

2020-11-25T09:15:28.240410+0300 ERROR 
Ошибка по схеме <<workout_created.schema>> в файле <<1eba2aa1-2acf-460d-91e6-55a8c3e3b7a3.json>>
<<'activity_name' is a required property>> --> Свойство отсутвует или расположено не по структуре json.schema.

2020-11-25T09:15:28.241395+0300 ERROR 
Ошибка по схеме <<workout_created.schema>> в файле <<1eba2aa1-2acf-460d-91e6-55a8c3e3b7a3.json>>
<<'activity_type' is a required property>> --> Свойство отсутвует или расположено не по структуре json.schema.

2020-11-25T09:15:28.242397+0300 ERROR 
Ошибка по схеме <<workout_created.schema>> в файле <<1eba2aa1-2acf-460d-91e6-55a8c3e3b7a3.json>>
<<'source' is a required property>> --> Свойство отсутвует или расположено не по структуре json.schema.

2020-11-25T09:15:28.242397+0300 ERROR 
Ошибка по схеме <<workout_created.schema>> в файле <<1eba2aa1-2acf-460d-91e6-55a8c3e3b7a3.json>>
<<'time_end' is a required property>> --> Свойство отсутвует или расположено не по структуре json.schema.

2020-11-25T09:15:28.243394+0300 ERROR 
Ошибка по схеме <<workout_created.schema>> в файле <<1eba2aa1-2acf-460d-91e6-55a8c3e3b7a3.json>>
<<'time_start' is a required property>> --> Свойство отсутвует или расположено не по структуре json.schema.

2020-11-25T09:15:28.243394+0300 ERROR 
Ошибка по схеме <<workout_created.schema>> в файле <<1eba2aa1-2acf-460d-91e6-55a8c3e3b7a3.json>>
<<'timestamp' is a required property>> --> Свойство отсутвует или расположено не по структуре json.schema.

2020-11-25T09:15:28.244394+0300 ERROR 
Ошибка по схеме <<workout_created.schema>> в файле <<1eba2aa1-2acf-460d-91e6-55a8c3e3b7a3.json>>
<<'unique_id' is a required property>> --> Свойство отсутвует или расположено не по структуре json.schema.

2020-11-25T09:15:28.253395+0300 ERROR 
Ошибка по схеме <<workout_created.schema>> в файле <<297e4dc6-07d1-420d-a5ae-e4aff3aedc19.json>>
<<'activity_name' is a required property>> --> Свойство отсутвует или расположено не по структуре json.schema.

2020-11-25T09:15:28.254399+0300 ERROR 
Ошибка по схеме <<workout_created.schema>> в файле <<297e4dc6-07d1-420d-a5ae-e4aff3aedc19.json>>
<<'activity_type' is a required property>> --> Свойство отсутвует или расположено не по структуре json.schema.

2020-11-25T09:15:28.255409+0300 ERROR 
Ошибка по схеме <<workout_created.schema>> в файле <<297e4dc6-07d1-420d-a5ae-e4aff3aedc19.json>>
<<'source' is a required property>> --> Свойство отсутвует или расположено не по структуре json.schema.

2020-11-25T09:15:28.255409+0300 ERROR 
Ошибка по схеме <<workout_created.schema>> в файле <<297e4dc6-07d1-420d-a5ae-e4aff3aedc19.json>>
<<'time_end' is a required property>> --> Свойство отсутвует или расположено не по структуре json.schema.

2020-11-25T09:15:28.256416+0300 ERROR 
Ошибка по схеме <<workout_created.schema>> в файле <<297e4dc6-07d1-420d-a5ae-e4aff3aedc19.json>>
<<'time_start' is a required property>> --> Свойство отсутвует или расположено не по структуре json.schema.

2020-11-25T09:15:28.256416+0300 ERROR 
Ошибка по схеме <<workout_created.schema>> в файле <<297e4dc6-07d1-420d-a5ae-e4aff3aedc19.json>>
<<'timestamp' is a required property>> --> Свойство отсутвует или расположено не по структуре json.schema.

2020-11-25T09:15:28.257396+0300 ERROR 
Ошибка по схеме <<workout_created.schema>> в файле <<297e4dc6-07d1-420d-a5ae-e4aff3aedc19.json>>
<<'unique_id' is a required property>> --> Свойство отсутвует или расположено не по структуре json.schema.

2020-11-25T09:15:28.259399+0300 ERROR 
Ошибка по схеме <<workout_created.schema>> в файле <<29f0bfa7-bd51-4d45-93be-f6ead1ae0b96.json>>
<<None is not of type 'object'>> --> JSON файл пустой. 

2020-11-25T09:15:28.261400+0300 ERROR 
Ошибка по схеме <<workout_created.schema>> в файле <<2e8ffd3c-dbda-42df-9901-b7a30869511a.json>>
<<'activity_name' is a required property>> --> Свойство отсутвует или расположено не по структуре json.schema.

2020-11-25T09:15:28.262405+0300 ERROR 
Ошибка по схеме <<workout_created.schema>> в файле <<2e8ffd3c-dbda-42df-9901-b7a30869511a.json>>
<<'activity_type' is a required property>> --> Свойство отсутвует или расположено не по структуре json.schema.

2020-11-25T09:15:28.263377+0300 ERROR 
Ошибка по схеме <<workout_created.schema>> в файле <<2e8ffd3c-dbda-42df-9901-b7a30869511a.json>>
<<'source' is a required property>> --> Свойство отсутвует или расположено не по структуре json.schema.

2020-11-25T09:15:28.268375+0300 ERROR 
Ошибка по схеме <<workout_created.schema>> в файле <<2e8ffd3c-dbda-42df-9901-b7a30869511a.json>>
<<'time_end' is a required property>> --> Свойство отсутвует или расположено не по структуре json.schema.

2020-11-25T09:15:28.268375+0300 ERROR 
Ошибка по схеме <<workout_created.schema>> в файле <<2e8ffd3c-dbda-42df-9901-b7a30869511a.json>>
<<'time_start' is a required property>> --> Свойство отсутвует или расположено не по структуре json.schema.

2020-11-25T09:15:28.269396+0300 ERROR 
Ошибка по схеме <<workout_created.schema>> в файле <<2e8ffd3c-dbda-42df-9901-b7a30869511a.json>>
<<'timestamp' is a required property>> --> Свойство отсутвует или расположено не по структуре json.schema.

2020-11-25T09:15:28.269396+0300 ERROR 
Ошибка по схеме <<workout_created.schema>> в файле <<2e8ffd3c-dbda-42df-9901-b7a30869511a.json>>
<<'unique_id' is a required property>> --> Свойство отсутвует или расположено не по структуре json.schema.

2020-11-25T09:15:28.271399+0300 ERROR 
Ошибка по схеме <<workout_created.schema>> в файле <<3ade063d-d1b9-453f-85b4-dda7bfda4711.json>>
<<'activity_name' is a required property>> --> Свойство отсутвует или расположено не по структуре json.schema.

2020-11-25T09:15:28.272396+0300 ERROR 
Ошибка по схеме <<workout_created.schema>> в файле <<3ade063d-d1b9-453f-85b4-dda7bfda4711.json>>
<<'activity_type' is a required property>> --> Свойство отсутвует или расположено не по структуре json.schema.

2020-11-25T09:15:28.272396+0300 ERROR 
Ошибка по схеме <<workout_created.schema>> в файле <<3ade063d-d1b9-453f-85b4-dda7bfda4711.json>>
<<'source' is a required property>> --> Свойство отсутвует или расположено не по структуре json.schema.

2020-11-25T09:15:28.273397+0300 ERROR 
Ошибка по схеме <<workout_created.schema>> в файле <<3ade063d-d1b9-453f-85b4-dda7bfda4711.json>>
<<'time_end' is a required property>> --> Свойство отсутвует или расположено не по структуре json.schema.

2020-11-25T09:15:28.273397+0300 ERROR 
Ошибка по схеме <<workout_created.schema>> в файле <<3ade063d-d1b9-453f-85b4-dda7bfda4711.json>>
<<'time_start' is a required property>> --> Свойство отсутвует или расположено не по структуре json.schema.

2020-11-25T09:15:28.274396+0300 ERROR 
Ошибка по схеме <<workout_created.schema>> в файле <<3ade063d-d1b9-453f-85b4-dda7bfda4711.json>>
<<'timestamp' is a required property>> --> Свойство отсутвует или расположено не по структуре json.schema.

2020-11-25T09:15:28.274396+0300 ERROR 
Ошибка по схеме <<workout_created.schema>> в файле <<3ade063d-d1b9-453f-85b4-dda7bfda4711.json>>
<<'unique_id' is a required property>> --> Свойство отсутвует или расположено не по структуре json.schema.

2020-11-25T09:15:28.285398+0300 ERROR 
Ошибка по схеме <<workout_created.schema>> в файле <<3b4088ef-7521-4114-ac56-57c68632d431.json>>
<<'activity_name' is a required property>> --> Свойство отсутвует или расположено не по структуре json.schema.

2020-11-25T09:15:28.286397+0300 ERROR 
Ошибка по схеме <<workout_created.schema>> в файле <<3b4088ef-7521-4114-ac56-57c68632d431.json>>
<<'activity_type' is a required property>> --> Свойство отсутвует или расположено не по структуре json.schema.

2020-11-25T09:15:28.286397+0300 ERROR 
Ошибка по схеме <<workout_created.schema>> в файле <<3b4088ef-7521-4114-ac56-57c68632d431.json>>
<<'source' is a required property>> --> Свойство отсутвует или расположено не по структуре json.schema.

2020-11-25T09:15:28.287397+0300 ERROR 
Ошибка по схеме <<workout_created.schema>> в файле <<3b4088ef-7521-4114-ac56-57c68632d431.json>>
<<'time_end' is a required property>> --> Свойство отсутвует или расположено не по структуре json.schema.

2020-11-25T09:15:28.287397+0300 ERROR 
Ошибка по схеме <<workout_created.schema>> в файле <<3b4088ef-7521-4114-ac56-57c68632d431.json>>
<<'time_start' is a required property>> --> Свойство отсутвует или расположено не по структуре json.schema.

2020-11-25T09:15:28.288397+0300 ERROR 
Ошибка по схеме <<workout_created.schema>> в файле <<3b4088ef-7521-4114-ac56-57c68632d431.json>>
<<'timestamp' is a required property>> --> Свойство отсутвует или расположено не по структуре json.schema.

2020-11-25T09:15:28.288397+0300 ERROR 
Ошибка по схеме <<workout_created.schema>> в файле <<3b4088ef-7521-4114-ac56-57c68632d431.json>>
<<'unique_id' is a required property>> --> Свойство отсутвует или расположено не по структуре json.schema.

2020-11-25T09:15:28.290398+0300 ERROR 
Ошибка по схеме <<workout_created.schema>> в файле <<6b1984e5-4092-4279-9dce-bdaa831c7932.json>>
<<'activity_name' is a required property>> --> Свойство отсутвует или расположено не по структуре json.schema.

2020-11-25T09:15:28.291397+0300 ERROR 
Ошибка по схеме <<workout_created.schema>> в файле <<6b1984e5-4092-4279-9dce-bdaa831c7932.json>>
<<'activity_type' is a required property>> --> Свойство отсутвует или расположено не по структуре json.schema.

2020-11-25T09:15:28.291397+0300 ERROR 
Ошибка по схеме <<workout_created.schema>> в файле <<6b1984e5-4092-4279-9dce-bdaa831c7932.json>>
<<'source' is a required property>> --> Свойство отсутвует или расположено не по структуре json.schema.

2020-11-25T09:15:28.292398+0300 ERROR 
Ошибка по схеме <<workout_created.schema>> в файле <<6b1984e5-4092-4279-9dce-bdaa831c7932.json>>
<<'time_end' is a required property>> --> Свойство отсутвует или расположено не по структуре json.schema.

2020-11-25T09:15:28.299397+0300 ERROR 
Ошибка по схеме <<workout_created.schema>> в файле <<6b1984e5-4092-4279-9dce-bdaa831c7932.json>>
<<'time_start' is a required property>> --> Свойство отсутвует или расположено не по структуре json.schema.

2020-11-25T09:15:28.300398+0300 ERROR 
Ошибка по схеме <<workout_created.schema>> в файле <<6b1984e5-4092-4279-9dce-bdaa831c7932.json>>
<<'timestamp' is a required property>> --> Свойство отсутвует или расположено не по структуре json.schema.

2020-11-25T09:15:28.300398+0300 ERROR 
Ошибка по схеме <<workout_created.schema>> в файле <<6b1984e5-4092-4279-9dce-bdaa831c7932.json>>
<<'unique_id' is a required property>> --> Свойство отсутвует или расположено не по структуре json.schema.

2020-11-25T09:15:28.302398+0300 ERROR 
Ошибка по схеме <<workout_created.schema>> в файле <<a95d845c-8d9e-4e07-8948-275167643a40.json>>
<<'activity_name' is a required property>> --> Свойство отсутвует или расположено не по структуре json.schema.

2020-11-25T09:15:28.303398+0300 ERROR 
Ошибка по схеме <<workout_created.schema>> в файле <<a95d845c-8d9e-4e07-8948-275167643a40.json>>
<<'activity_type' is a required property>> --> Свойство отсутвует или расположено не по структуре json.schema.

2020-11-25T09:15:28.303398+0300 ERROR 
Ошибка по схеме <<workout_created.schema>> в файле <<a95d845c-8d9e-4e07-8948-275167643a40.json>>
<<'source' is a required property>> --> Свойство отсутвует или расположено не по структуре json.schema.

2020-11-25T09:15:28.304398+0300 ERROR 
Ошибка по схеме <<workout_created.schema>> в файле <<a95d845c-8d9e-4e07-8948-275167643a40.json>>
<<'time_end' is a required property>> --> Свойство отсутвует или расположено не по структуре json.schema.

2020-11-25T09:15:28.305398+0300 ERROR 
Ошибка по схеме <<workout_created.schema>> в файле <<a95d845c-8d9e-4e07-8948-275167643a40.json>>
<<'time_start' is a required property>> --> Свойство отсутвует или расположено не по структуре json.schema.

2020-11-25T09:15:28.305398+0300 ERROR 
Ошибка по схеме <<workout_created.schema>> в файле <<a95d845c-8d9e-4e07-8948-275167643a40.json>>
<<'timestamp' is a required property>> --> Свойство отсутвует или расположено не по структуре json.schema.

2020-11-25T09:15:28.306398+0300 ERROR 
Ошибка по схеме <<workout_created.schema>> в файле <<a95d845c-8d9e-4e07-8948-275167643a40.json>>
<<'unique_id' is a required property>> --> Свойство отсутвует или расположено не по структуре json.schema.

2020-11-25T09:15:28.307398+0300 ERROR 
Ошибка по схеме <<workout_created.schema>> в файле <<ba25151c-914f-4f47-909a-7a65a6339f34.json>>
<<'activity_name' is a required property>> --> Свойство отсутвует или расположено не по структуре json.schema.

2020-11-25T09:15:28.315398+0300 ERROR 
Ошибка по схеме <<workout_created.schema>> в файле <<ba25151c-914f-4f47-909a-7a65a6339f34.json>>
<<'activity_type' is a required property>> --> Свойство отсутвует или расположено не по структуре json.schema.

2020-11-25T09:15:28.316399+0300 ERROR 
Ошибка по схеме <<workout_created.schema>> в файле <<ba25151c-914f-4f47-909a-7a65a6339f34.json>>
<<'source' is a required property>> --> Свойство отсутвует или расположено не по структуре json.schema.

2020-11-25T09:15:28.316399+0300 ERROR 
Ошибка по схеме <<workout_created.schema>> в файле <<ba25151c-914f-4f47-909a-7a65a6339f34.json>>
<<'time_end' is a required property>> --> Свойство отсутвует или расположено не по структуре json.schema.

2020-11-25T09:15:28.317399+0300 ERROR 
Ошибка по схеме <<workout_created.schema>> в файле <<ba25151c-914f-4f47-909a-7a65a6339f34.json>>
<<'time_start' is a required property>> --> Свойство отсутвует или расположено не по структуре json.schema.

2020-11-25T09:15:28.317399+0300 ERROR 
Ошибка по схеме <<workout_created.schema>> в файле <<ba25151c-914f-4f47-909a-7a65a6339f34.json>>
<<'timestamp' is a required property>> --> Свойство отсутвует или расположено не по структуре json.schema.

2020-11-25T09:15:28.318382+0300 ERROR 
Ошибка по схеме <<workout_created.schema>> в файле <<ba25151c-914f-4f47-909a-7a65a6339f34.json>>
<<'unique_id' is a required property>> --> Свойство отсутвует или расположено не по структуре json.schema.

2020-11-25T09:15:28.327399+0300 ERROR 
Ошибка по схеме <<workout_created.schema>> в файле <<bb998113-bc02-4cd1-9410-d9ae94f53eb0.json>>
<<'activity_name' is a required property>> --> Свойство отсутвует или расположено не по структуре json.schema.

2020-11-25T09:15:28.328403+0300 ERROR 
Ошибка по схеме <<workout_created.schema>> в файле <<bb998113-bc02-4cd1-9410-d9ae94f53eb0.json>>
<<'activity_type' is a required property>> --> Свойство отсутвует или расположено не по структуре json.schema.

2020-11-25T09:15:28.328403+0300 ERROR 
Ошибка по схеме <<workout_created.schema>> в файле <<bb998113-bc02-4cd1-9410-d9ae94f53eb0.json>>
<<'source' is a required property>> --> Свойство отсутвует или расположено не по структуре json.schema.

2020-11-25T09:15:28.329401+0300 ERROR 
Ошибка по схеме <<workout_created.schema>> в файле <<bb998113-bc02-4cd1-9410-d9ae94f53eb0.json>>
<<'time_end' is a required property>> --> Свойство отсутвует или расположено не по структуре json.schema.

2020-11-25T09:15:28.330378+0300 ERROR 
Ошибка по схеме <<workout_created.schema>> в файле <<bb998113-bc02-4cd1-9410-d9ae94f53eb0.json>>
<<'time_start' is a required property>> --> Свойство отсутвует или расположено не по структуре json.schema.

2020-11-25T09:15:28.331400+0300 ERROR 
Ошибка по схеме <<workout_created.schema>> в файле <<bb998113-bc02-4cd1-9410-d9ae94f53eb0.json>>
<<'timestamp' is a required property>> --> Свойство отсутвует или расположено не по структуре json.schema.

2020-11-25T09:15:28.332402+0300 ERROR 
Ошибка по схеме <<workout_created.schema>> в файле <<bb998113-bc02-4cd1-9410-d9ae94f53eb0.json>>
<<'unique_id' is a required property>> --> Свойство отсутвует или расположено не по структуре json.schema.

2020-11-25T09:15:28.334401+0300 ERROR 
Ошибка по схеме <<workout_created.schema>> в файле <<c72d21cf-1152-4d8e-b649-e198149d5bbb.json>>
<<'activity_name' is a required property>> --> Свойство отсутвует или расположено не по структуре json.schema.

2020-11-25T09:15:28.335401+0300 ERROR 
Ошибка по схеме <<workout_created.schema>> в файле <<c72d21cf-1152-4d8e-b649-e198149d5bbb.json>>
<<'activity_type' is a required property>> --> Свойство отсутвует или расположено не по структуре json.schema.

2020-11-25T09:15:28.335401+0300 ERROR 
Ошибка по схеме <<workout_created.schema>> в файле <<c72d21cf-1152-4d8e-b649-e198149d5bbb.json>>
<<'source' is a required property>> --> Свойство отсутвует или расположено не по структуре json.schema.

2020-11-25T09:15:28.336400+0300 ERROR 
Ошибка по схеме <<workout_created.schema>> в файле <<c72d21cf-1152-4d8e-b649-e198149d5bbb.json>>
<<'time_end' is a required property>> --> Свойство отсутвует или расположено не по структуре json.schema.

2020-11-25T09:15:28.336400+0300 ERROR 
Ошибка по схеме <<workout_created.schema>> в файле <<c72d21cf-1152-4d8e-b649-e198149d5bbb.json>>
<<'time_start' is a required property>> --> Свойство отсутвует или расположено не по структуре json.schema.

2020-11-25T09:15:28.337401+0300 ERROR 
Ошибка по схеме <<workout_created.schema>> в файле <<c72d21cf-1152-4d8e-b649-e198149d5bbb.json>>
<<'timestamp' is a required property>> --> Свойство отсутвует или расположено не по структуре json.schema.

2020-11-25T09:15:28.337401+0300 ERROR 
Ошибка по схеме <<workout_created.schema>> в файле <<c72d21cf-1152-4d8e-b649-e198149d5bbb.json>>
<<'unique_id' is a required property>> --> Свойство отсутвует или расположено не по структуре json.schema.

2020-11-25T09:15:28.339403+0300 ERROR 
Ошибка по схеме <<workout_created.schema>> в файле <<cc07e442-7986-4714-8fc2-ac2256690a90.json>>
<<'activity_name' is a required property>> --> Свойство отсутвует или расположено не по структуре json.schema.

2020-11-25T09:15:28.339403+0300 ERROR 
Ошибка по схеме <<workout_created.schema>> в файле <<cc07e442-7986-4714-8fc2-ac2256690a90.json>>
<<'activity_type' is a required property>> --> Свойство отсутвует или расположено не по структуре json.schema.

2020-11-25T09:15:28.347383+0300 ERROR 
Ошибка по схеме <<workout_created.schema>> в файле <<cc07e442-7986-4714-8fc2-ac2256690a90.json>>
<<'source' is a required property>> --> Свойство отсутвует или расположено не по структуре json.schema.

2020-11-25T09:15:28.348384+0300 ERROR 
Ошибка по схеме <<workout_created.schema>> в файле <<cc07e442-7986-4714-8fc2-ac2256690a90.json>>
<<'time_end' is a required property>> --> Свойство отсутвует или расположено не по структуре json.schema.

2020-11-25T09:15:28.348384+0300 ERROR 
Ошибка по схеме <<workout_created.schema>> в файле <<cc07e442-7986-4714-8fc2-ac2256690a90.json>>
<<'time_start' is a required property>> --> Свойство отсутвует или расположено не по структуре json.schema.

2020-11-25T09:15:28.349382+0300 ERROR 
Ошибка по схеме <<workout_created.schema>> в файле <<cc07e442-7986-4714-8fc2-ac2256690a90.json>>
<<'timestamp' is a required property>> --> Свойство отсутвует или расположено не по структуре json.schema.

2020-11-25T09:15:28.349382+0300 ERROR 
Ошибка по схеме <<workout_created.schema>> в файле <<cc07e442-7986-4714-8fc2-ac2256690a90.json>>
<<'unique_id' is a required property>> --> Свойство отсутвует или расположено не по структуре json.schema.

2020-11-25T09:15:28.351382+0300 ERROR 
Ошибка по схеме <<workout_created.schema>> в файле <<e2d760c3-7e10-4464-ab22-7fda6b5e2562.json>>
<<'activity_name' is a required property>> --> Свойство отсутвует или расположено не по структуре json.schema.

2020-11-25T09:15:28.352382+0300 ERROR 
Ошибка по схеме <<workout_created.schema>> в файле <<e2d760c3-7e10-4464-ab22-7fda6b5e2562.json>>
<<'activity_type' is a required property>> --> Свойство отсутвует или расположено не по структуре json.schema.

2020-11-25T09:15:28.353384+0300 ERROR 
Ошибка по схеме <<workout_created.schema>> в файле <<e2d760c3-7e10-4464-ab22-7fda6b5e2562.json>>
<<'source' is a required property>> --> Свойство отсутвует или расположено не по структуре json.schema.

2020-11-25T09:15:28.353384+0300 ERROR 
Ошибка по схеме <<workout_created.schema>> в файле <<e2d760c3-7e10-4464-ab22-7fda6b5e2562.json>>
<<'time_end' is a required property>> --> Свойство отсутвует или расположено не по структуре json.schema.

2020-11-25T09:15:28.354385+0300 ERROR 
Ошибка по схеме <<workout_created.schema>> в файле <<e2d760c3-7e10-4464-ab22-7fda6b5e2562.json>>
<<'time_start' is a required property>> --> Свойство отсутвует или расположено не по структуре json.schema.

2020-11-25T09:15:28.354385+0300 ERROR 
Ошибка по схеме <<workout_created.schema>> в файле <<e2d760c3-7e10-4464-ab22-7fda6b5e2562.json>>
<<'timestamp' is a required property>> --> Свойство отсутвует или расположено не по структуре json.schema.

2020-11-25T09:15:28.364388+0300 ERROR 
Ошибка по схеме <<workout_created.schema>> в файле <<e2d760c3-7e10-4464-ab22-7fda6b5e2562.json>>
<<'unique_id' is a required property>> --> Свойство отсутвует или расположено не по структуре json.schema.

2020-11-25T09:15:28.367384+0300 ERROR 
Ошибка по схеме <<workout_created.schema>> в файле <<f5656ff6-29e1-46b0-8d8a-ff77f9cc0953.json>>
<<'activity_name' is a required property>> --> Свойство отсутвует или расположено не по структуре json.schema.

2020-11-25T09:15:28.368383+0300 ERROR 
Ошибка по схеме <<workout_created.schema>> в файле <<f5656ff6-29e1-46b0-8d8a-ff77f9cc0953.json>>
<<'activity_type' is a required property>> --> Свойство отсутвует или расположено не по структуре json.schema.

2020-11-25T09:15:28.368383+0300 ERROR 
Ошибка по схеме <<workout_created.schema>> в файле <<f5656ff6-29e1-46b0-8d8a-ff77f9cc0953.json>>
<<'source' is a required property>> --> Свойство отсутвует или расположено не по структуре json.schema.

2020-11-25T09:15:28.369383+0300 ERROR 
Ошибка по схеме <<workout_created.schema>> в файле <<f5656ff6-29e1-46b0-8d8a-ff77f9cc0953.json>>
<<'time_end' is a required property>> --> Свойство отсутвует или расположено не по структуре json.schema.

2020-11-25T09:15:28.369383+0300 ERROR 
Ошибка по схеме <<workout_created.schema>> в файле <<f5656ff6-29e1-46b0-8d8a-ff77f9cc0953.json>>
<<'time_start' is a required property>> --> Свойство отсутвует или расположено не по структуре json.schema.

2020-11-25T09:15:28.370383+0300 ERROR 
Ошибка по схеме <<workout_created.schema>> в файле <<f5656ff6-29e1-46b0-8d8a-ff77f9cc0953.json>>
<<'timestamp' is a required property>> --> Свойство отсутвует или расположено не по структуре json.schema.

2020-11-25T09:15:28.370383+0300 ERROR 
Ошибка по схеме <<workout_created.schema>> в файле <<f5656ff6-29e1-46b0-8d8a-ff77f9cc0953.json>>
<<'unique_id' is a required property>> --> Свойство отсутвует или расположено не по структуре json.schema.

2020-11-25T09:15:28.373385+0300 ERROR 
Ошибка по схеме <<workout_created.schema>> в файле <<fb1a0854-9535-404d-9bdd-9ec0abb6cd6c.json>>
<<'activity_name' is a required property>> --> Свойство отсутвует или расположено не по структуре json.schema.

2020-11-25T09:15:28.373385+0300 ERROR 
Ошибка по схеме <<workout_created.schema>> в файле <<fb1a0854-9535-404d-9bdd-9ec0abb6cd6c.json>>
<<'activity_type' is a required property>> --> Свойство отсутвует или расположено не по структуре json.schema.

2020-11-25T09:15:28.374383+0300 ERROR 
Ошибка по схеме <<workout_created.schema>> в файле <<fb1a0854-9535-404d-9bdd-9ec0abb6cd6c.json>>
<<'source' is a required property>> --> Свойство отсутвует или расположено не по структуре json.schema.

2020-11-25T09:15:28.379391+0300 ERROR 
Ошибка по схеме <<workout_created.schema>> в файле <<fb1a0854-9535-404d-9bdd-9ec0abb6cd6c.json>>
<<'time_end' is a required property>> --> Свойство отсутвует или расположено не по структуре json.schema.

2020-11-25T09:15:28.380386+0300 ERROR 
Ошибка по схеме <<workout_created.schema>> в файле <<fb1a0854-9535-404d-9bdd-9ec0abb6cd6c.json>>
<<'time_start' is a required property>> --> Свойство отсутвует или расположено не по структуре json.schema.

2020-11-25T09:15:28.381386+0300 ERROR 
Ошибка по схеме <<workout_created.schema>> в файле <<fb1a0854-9535-404d-9bdd-9ec0abb6cd6c.json>>
<<'timestamp' is a required property>> --> Свойство отсутвует или расположено не по структуре json.schema.

2020-11-25T09:15:28.381386+0300 ERROR 
Ошибка по схеме <<workout_created.schema>> в файле <<fb1a0854-9535-404d-9bdd-9ec0abb6cd6c.json>>
<<'unique_id' is a required property>> --> Свойство отсутвует или расположено не по структуре json.schema.

2020-11-25T09:15:28.384387+0300 ERROR 
Ошибка по схеме <<workout_created.schema>> в файле <<ffe6b214-d543-40a8-8da3-deb0dc5bbd8c.json>>
<<'activity_name' is a required property>> --> Свойство отсутвует или расположено не по структуре json.schema.

2020-11-25T09:15:28.384387+0300 ERROR 
Ошибка по схеме <<workout_created.schema>> в файле <<ffe6b214-d543-40a8-8da3-deb0dc5bbd8c.json>>
<<'activity_type' is a required property>> --> Свойство отсутвует или расположено не по структуре json.schema.

2020-11-25T09:15:28.385387+0300 ERROR 
Ошибка по схеме <<workout_created.schema>> в файле <<ffe6b214-d543-40a8-8da3-deb0dc5bbd8c.json>>
<<'source' is a required property>> --> Свойство отсутвует или расположено не по структуре json.schema.

2020-11-25T09:15:28.385387+0300 ERROR 
Ошибка по схеме <<workout_created.schema>> в файле <<ffe6b214-d543-40a8-8da3-deb0dc5bbd8c.json>>
<<'time_end' is a required property>> --> Свойство отсутвует или расположено не по структуре json.schema.

2020-11-25T09:15:28.386389+0300 ERROR 
Ошибка по схеме <<workout_created.schema>> в файле <<ffe6b214-d543-40a8-8da3-deb0dc5bbd8c.json>>
<<'time_start' is a required property>> --> Свойство отсутвует или расположено не по структуре json.schema.

2020-11-25T09:15:28.386389+0300 ERROR 
Ошибка по схеме <<workout_created.schema>> в файле <<ffe6b214-d543-40a8-8da3-deb0dc5bbd8c.json>>
<<'timestamp' is a required property>> --> Свойство отсутвует или расположено не по структуре json.schema.

2020-11-25T09:15:28.387386+0300 ERROR 
Ошибка по схеме <<workout_created.schema>> в файле <<ffe6b214-d543-40a8-8da3-deb0dc5bbd8c.json>>
<<'unique_id' is a required property>> --> Свойство отсутвует или расположено не по структуре json.schema.
